Analysis & Synthesis report for path_planner
Fri Jan 27 14:20:37 2023
Quartus Prime Version 19.1.0 Build 670 09/22/2019 SJ Lite Edition


---------------------
; Table of Contents ;
---------------------
  1. Legal Notice
  2. Analysis & Synthesis Summary
  3. Analysis & Synthesis Settings
  4. Parallel Compilation
  5. Analysis & Synthesis Source Files Read
  6. Analysis & Synthesis Resource Usage Summary
  7. Analysis & Synthesis Resource Utilization by Entity
  8. State Machine - |path_planner|next_state
  9. Registers Removed During Synthesis
 10. Removed Registers Triggering Further Register Optimizations
 11. General Register Statistics
 12. Inverted Register Statistics
 13. Multiplexer Restructuring Statistics (Restructuring Performed)
 14. Parameter Settings for User Entity Instance: Top-level Entity: |path_planner
 15. Post-Synthesis Netlist Statistics for Top Partition
 16. Elapsed Time Per Partition
 17. Analysis & Synthesis Messages
 18. Analysis & Synthesis Suppressed Messages



----------------
; Legal Notice ;
----------------
Copyright (C) 2019  Intel Corporation. All rights reserved.
Your use of Intel Corporation's design tools, logic functions 
and other software and tools, and any partner logic 
functions, and any output files from any of the foregoing 
(including device programming or simulation files), and any 
associated documentation or information are expressly subject 
to the terms and conditions of the Intel Program License 
Subscription Agreement, the Intel Quartus Prime License Agreement,
the Intel FPGA IP License Agreement, or other applicable license
agreement, including, without limitation, that your use is for
the sole purpose of programming logic devices manufactured by
Intel and sold by Intel or its authorized distributors.  Please
refer to the applicable agreement for further details, at
https://fpgasoftware.intel.com/eula.



+----------------------------------------------------------------------------------+
; Analysis & Synthesis Summary                                                     ;
+------------------------------------+---------------------------------------------+
; Analysis & Synthesis Status        ; Successful - Fri Jan 27 14:20:37 2023       ;
; Quartus Prime Version              ; 19.1.0 Build 670 09/22/2019 SJ Lite Edition ;
; Revision Name                      ; path_planner                                ;
; Top-level Entity Name              ; path_planner                                ;
; Family                             ; Cyclone IV E                                ;
; Total logic elements               ; 1,149                                       ;
;     Total combinational functions  ; 1,023                                       ;
;     Dedicated logic registers      ; 442                                         ;
; Total registers                    ; 442                                         ;
; Total pins                         ; 89                                          ;
; Total virtual pins                 ; 0                                           ;
; Total memory bits                  ; 0                                           ;
; Embedded Multiplier 9-bit elements ; 0                                           ;
; Total PLLs                         ; 0                                           ;
+------------------------------------+---------------------------------------------+


+------------------------------------------------------------------------------------------------------------+
; Analysis & Synthesis Settings                                                                              ;
+------------------------------------------------------------------+--------------------+--------------------+
; Option                                                           ; Setting            ; Default Value      ;
+------------------------------------------------------------------+--------------------+--------------------+
; Device                                                           ; EP4CE22F17C6       ;                    ;
; Top-level entity name                                            ; path_planner       ; path_planner       ;
; Family name                                                      ; Cyclone IV E       ; Cyclone V          ;
; Use smart compilation                                            ; Off                ; Off                ;
; Enable parallel Assembler and Timing Analyzer during compilation ; On                 ; On                 ;
; Enable compact report table                                      ; Off                ; Off                ;
; Restructure Multiplexers                                         ; Auto               ; Auto               ;
; Create Debugging Nodes for IP Cores                              ; Off                ; Off                ;
; Preserve fewer node names                                        ; On                 ; On                 ;
; Intel FPGA IP Evaluation Mode                                    ; Enable             ; Enable             ;
; Verilog Version                                                  ; Verilog_2001       ; Verilog_2001       ;
; VHDL Version                                                     ; VHDL_1993          ; VHDL_1993          ;
; State Machine Processing                                         ; Auto               ; Auto               ;
; Safe State Machine                                               ; Off                ; Off                ;
; Extract Verilog State Machines                                   ; On                 ; On                 ;
; Extract VHDL State Machines                                      ; On                 ; On                 ;
; Ignore Verilog initial constructs                                ; Off                ; Off                ;
; Iteration limit for constant Verilog loops                       ; 5000               ; 5000               ;
; Iteration limit for non-constant Verilog loops                   ; 250                ; 250                ;
; Add Pass-Through Logic to Inferred RAMs                          ; On                 ; On                 ;
; Infer RAMs from Raw Logic                                        ; On                 ; On                 ;
; Parallel Synthesis                                               ; On                 ; On                 ;
; DSP Block Balancing                                              ; Auto               ; Auto               ;
; NOT Gate Push-Back                                               ; On                 ; On                 ;
; Power-Up Don't Care                                              ; On                 ; On                 ;
; Remove Redundant Logic Cells                                     ; Off                ; Off                ;
; Remove Duplicate Registers                                       ; On                 ; On                 ;
; Ignore CARRY Buffers                                             ; Off                ; Off                ;
; Ignore CASCADE Buffers                                           ; Off                ; Off                ;
; Ignore GLOBAL Buffers                                            ; Off                ; Off                ;
; Ignore ROW GLOBAL Buffers                                        ; Off                ; Off                ;
; Ignore LCELL Buffers                                             ; Off                ; Off                ;
; Ignore SOFT Buffers                                              ; On                 ; On                 ;
; Limit AHDL Integers to 32 Bits                                   ; Off                ; Off                ;
; Optimization Technique                                           ; Balanced           ; Balanced           ;
; Carry Chain Length                                               ; 70                 ; 70                 ;
; Auto Carry Chains                                                ; On                 ; On                 ;
; Auto Open-Drain Pins                                             ; On                 ; On                 ;
; Perform WYSIWYG Primitive Resynthesis                            ; Off                ; Off                ;
; Auto ROM Replacement                                             ; On                 ; On                 ;
; Auto RAM Replacement                                             ; On                 ; On                 ;
; Auto DSP Block Replacement                                       ; On                 ; On                 ;
; Auto Shift Register Replacement                                  ; Auto               ; Auto               ;
; Allow Shift Register Merging across Hierarchies                  ; Auto               ; Auto               ;
; Auto Clock Enable Replacement                                    ; On                 ; On                 ;
; Strict RAM Replacement                                           ; Off                ; Off                ;
; Allow Synchronous Control Signals                                ; On                 ; On                 ;
; Force Use of Synchronous Clear Signals                           ; Off                ; Off                ;
; Auto RAM Block Balancing                                         ; On                 ; On                 ;
; Auto RAM to Logic Cell Conversion                                ; Off                ; Off                ;
; Auto Resource Sharing                                            ; Off                ; Off                ;
; Allow Any RAM Size For Recognition                               ; Off                ; Off                ;
; Allow Any ROM Size For Recognition                               ; Off                ; Off                ;
; Allow Any Shift Register Size For Recognition                    ; Off                ; Off                ;
; Use LogicLock Constraints during Resource Balancing              ; On                 ; On                 ;
; Ignore translate_off and synthesis_off directives                ; Off                ; Off                ;
; Timing-Driven Synthesis                                          ; On                 ; On                 ;
; Report Parameter Settings                                        ; On                 ; On                 ;
; Report Source Assignments                                        ; On                 ; On                 ;
; Report Connectivity Checks                                       ; On                 ; On                 ;
; Ignore Maximum Fan-Out Assignments                               ; Off                ; Off                ;
; Synchronization Register Chain Length                            ; 2                  ; 2                  ;
; Power Optimization During Synthesis                              ; Normal compilation ; Normal compilation ;
; HDL message level                                                ; Level2             ; Level2             ;
; Suppress Register Optimization Related Messages                  ; Off                ; Off                ;
; Number of Removed Registers Reported in Synthesis Report         ; 5000               ; 5000               ;
; Number of Swept Nodes Reported in Synthesis Report               ; 5000               ; 5000               ;
; Number of Inverted Registers Reported in Synthesis Report        ; 100                ; 100                ;
; Clock MUX Protection                                             ; On                 ; On                 ;
; Auto Gated Clock Conversion                                      ; Off                ; Off                ;
; Block Design Naming                                              ; Auto               ; Auto               ;
; SDC constraint protection                                        ; Off                ; Off                ;
; Synthesis Effort                                                 ; Auto               ; Auto               ;
; Shift Register Replacement - Allow Asynchronous Clear Signal     ; On                 ; On                 ;
; Pre-Mapping Resynthesis Optimization                             ; Off                ; Off                ;
; Analysis & Synthesis Message Level                               ; Medium             ; Medium             ;
; Disable Register Merging Across Hierarchies                      ; Auto               ; Auto               ;
; Resource Aware Inference For Block RAM                           ; On                 ; On                 ;
+------------------------------------------------------------------+--------------------+--------------------+


+------------------------------------------+
; Parallel Compilation                     ;
+----------------------------+-------------+
; Processors                 ; Number      ;
+----------------------------+-------------+
; Number detected on machine ; 8           ;
; Maximum allowed            ; 4           ;
;                            ;             ;
; Average used               ; 1.00        ;
; Maximum used               ; 4           ;
;                            ;             ;
; Usage by Processor         ; % Time Used ;
;     Processor 1            ; 100.0%      ;
;     Processor 2            ;   0.1%      ;
;     Processor 3            ;   0.1%      ;
;     Processor 4            ;   0.1%      ;
+----------------------------+-------------+


+------------------------------------------------------------------------------------------------------------------------------------------------------------+
; Analysis & Synthesis Source Files Read                                                                                                                     ;
+----------------------------------+-----------------+------------------------+--------------------------------------------------------------------+---------+
; File Name with User-Entered Path ; Used in Netlist ; File Type              ; File Name with Absolute Path                                       ; Library ;
+----------------------------------+-----------------+------------------------+--------------------------------------------------------------------+---------+
; path_planner.v                   ; yes             ; User Verilog HDL File  ; F:/eyrc22_SB_2999/Task2/SB#2999_Task2C/path_planner/path_planner.v ;         ;
+----------------------------------+-----------------+------------------------+--------------------------------------------------------------------+---------+


+---------------------------------------------------------+
; Analysis & Synthesis Resource Usage Summary             ;
+---------------------------------------------+-----------+
; Resource                                    ; Usage     ;
+---------------------------------------------+-----------+
; Estimated Total logic elements              ; 1,149     ;
;                                             ;           ;
; Total combinational functions               ; 1023      ;
; Logic element usage by number of LUT inputs ;           ;
;     -- 4 input functions                    ; 760       ;
;     -- 3 input functions                    ; 157       ;
;     -- <=2 input functions                  ; 106       ;
;                                             ;           ;
; Logic elements by mode                      ;           ;
;     -- normal mode                          ; 1009      ;
;     -- arithmetic mode                      ; 14        ;
;                                             ;           ;
; Total registers                             ; 442       ;
;     -- Dedicated logic registers            ; 442       ;
;     -- I/O registers                        ; 0         ;
;                                             ;           ;
; I/O pins                                    ; 89        ;
;                                             ;           ;
; Embedded Multiplier 9-bit elements          ; 0         ;
;                                             ;           ;
; Maximum fan-out node                        ; clk~input ;
; Maximum fan-out                             ; 442       ;
; Total fan-out                               ; 5411      ;
; Average fan-out                             ; 3.29      ;
+---------------------------------------------+-----------+


+-----------------------------------------------------------------------------------------------------------------------------------------------------------------------------------------------------------+
; Analysis & Synthesis Resource Utilization by Entity                                                                                                                                                       ;
+----------------------------+---------------------+---------------------------+-------------+--------------+---------+-----------+------+--------------+---------------------+--------------+--------------+
; Compilation Hierarchy Node ; Combinational ALUTs ; Dedicated Logic Registers ; Memory Bits ; DSP Elements ; DSP 9x9 ; DSP 18x18 ; Pins ; Virtual Pins ; Full Hierarchy Name ; Entity Name  ; Library Name ;
+----------------------------+---------------------+---------------------------+-------------+--------------+---------+-----------+------+--------------+---------------------+--------------+--------------+
; |path_planner              ; 1023 (1023)         ; 442 (442)                 ; 0           ; 0            ; 0       ; 0         ; 89   ; 0            ; |path_planner       ; path_planner ; work         ;
+----------------------------+---------------------+---------------------------+-------------+--------------+---------+-----------+------+--------------+---------------------+--------------+--------------+
Note: For table entries with two numbers listed, the numbers in parentheses indicate the number of resources of the given type used by the specific entity alone. The numbers listed outside of parentheses indicate the total resources of the given type used by the specific entity and all of its sub-entities in the hierarchy.


Encoding Type:  One-Hot
+-------------------------------------------------------------------+
; State Machine - |path_planner|next_state                          ;
+-----------------+-----------------+---------------+---------------+
; Name            ; next_state.IDLE ; next_state.S1 ; next_state.S0 ;
+-----------------+-----------------+---------------+---------------+
; next_state.IDLE ; 0               ; 0             ; 0             ;
; next_state.S0   ; 1               ; 0             ; 1             ;
; next_state.S1   ; 1               ; 1             ; 0             ;
+-----------------+-----------------+---------------+---------------+


+----------------------------------------------------------------------------------+
; Registers Removed During Synthesis                                               ;
+-----------------------------------------+----------------------------------------+
; Register name                           ; Reason for Removal                     ;
+-----------------------------------------+----------------------------------------+
; dist[25][6]                             ; Stuck at VCC due to stuck port data_in ;
; dist[25][5]                             ; Stuck at VCC due to stuck port data_in ;
; dist[25][4]                             ; Stuck at VCC due to stuck port data_in ;
; dist[25][3]                             ; Stuck at VCC due to stuck port data_in ;
; dist[25][2]                             ; Stuck at VCC due to stuck port data_in ;
; dist[25][1]                             ; Stuck at VCC due to stuck port data_in ;
; dist[25][0]                             ; Stuck at VCC due to stuck port data_in ;
; dist_h[25][6]                           ; Stuck at VCC due to stuck port data_in ;
; dist_h[25][5]                           ; Stuck at VCC due to stuck port data_in ;
; dist_h[25][4]                           ; Stuck at VCC due to stuck port data_in ;
; dist_h[25][3]                           ; Stuck at VCC due to stuck port data_in ;
; dist_h[25][2]                           ; Stuck at VCC due to stuck port data_in ;
; dist_h[25][1]                           ; Stuck at VCC due to stuck port data_in ;
; dist_h[25][0]                           ; Stuck at VCC due to stuck port data_in ;
; direction_reg[0..19]                    ; Stuck at GND due to stuck port data_in ;
; next_state~7                            ; Lost fanout                            ;
; next_state~8                            ; Lost fanout                            ;
; sel[1..6]                               ; Merged with sel[0]                     ;
; dist[0][1]                              ; Merged with dist[0][0]                 ;
; dist[0][2]                              ; Merged with dist[0][0]                 ;
; dist[0][3]                              ; Merged with dist[0][0]                 ;
; dist[0][4]                              ; Merged with dist[0][0]                 ;
; dist[0][5]                              ; Merged with dist[0][0]                 ;
; dist[0][6]                              ; Merged with dist[0][0]                 ;
; min[1..6]                               ; Merged with min[0]                     ;
; dist_h[0][1]                            ; Merged with dist_h[0][0]               ;
; dist_h[0][2]                            ; Merged with dist_h[0][0]               ;
; dist_h[0][3]                            ; Merged with dist_h[0][0]               ;
; dist_h[0][4]                            ; Merged with dist_h[0][0]               ;
; dist_h[0][5]                            ; Merged with dist_h[0][0]               ;
; dist_h[0][6]                            ; Merged with dist_h[0][0]               ;
; dist_h[1][1]                            ; Merged with dist_h[1][0]               ;
; dist_h[1][2]                            ; Merged with dist_h[1][0]               ;
; dist_h[1][3]                            ; Merged with dist_h[1][0]               ;
; dist_h[1][4]                            ; Merged with dist_h[1][0]               ;
; dist_h[1][5]                            ; Merged with dist_h[1][0]               ;
; dist_h[1][6]                            ; Merged with dist_h[1][0]               ;
; dist_h[2][1]                            ; Merged with dist_h[2][0]               ;
; dist_h[2][2]                            ; Merged with dist_h[2][0]               ;
; dist_h[2][3]                            ; Merged with dist_h[2][0]               ;
; dist_h[2][4]                            ; Merged with dist_h[2][0]               ;
; dist_h[2][5]                            ; Merged with dist_h[2][0]               ;
; dist_h[2][6]                            ; Merged with dist_h[2][0]               ;
; dist_h[3][1]                            ; Merged with dist_h[3][0]               ;
; dist_h[3][2]                            ; Merged with dist_h[3][0]               ;
; dist_h[3][3]                            ; Merged with dist_h[3][0]               ;
; dist_h[3][4]                            ; Merged with dist_h[3][0]               ;
; dist_h[3][5]                            ; Merged with dist_h[3][0]               ;
; dist_h[3][6]                            ; Merged with dist_h[3][0]               ;
; dist_h[4][1]                            ; Merged with dist_h[4][0]               ;
; dist_h[4][2]                            ; Merged with dist_h[4][0]               ;
; dist_h[4][3]                            ; Merged with dist_h[4][0]               ;
; dist_h[4][4]                            ; Merged with dist_h[4][0]               ;
; dist_h[4][5]                            ; Merged with dist_h[4][0]               ;
; dist_h[4][6]                            ; Merged with dist_h[4][0]               ;
; dist_h[5][1]                            ; Merged with dist_h[5][0]               ;
; dist_h[5][2]                            ; Merged with dist_h[5][0]               ;
; dist_h[5][3]                            ; Merged with dist_h[5][0]               ;
; dist_h[5][4]                            ; Merged with dist_h[5][0]               ;
; dist_h[5][5]                            ; Merged with dist_h[5][0]               ;
; dist_h[5][6]                            ; Merged with dist_h[5][0]               ;
; dist_h[6][1]                            ; Merged with dist_h[6][0]               ;
; dist_h[6][2]                            ; Merged with dist_h[6][0]               ;
; dist_h[6][3]                            ; Merged with dist_h[6][0]               ;
; dist_h[6][4]                            ; Merged with dist_h[6][0]               ;
; dist_h[6][5]                            ; Merged with dist_h[6][0]               ;
; dist_h[6][6]                            ; Merged with dist_h[6][0]               ;
; dist_h[7][1]                            ; Merged with dist_h[7][0]               ;
; dist_h[7][2]                            ; Merged with dist_h[7][0]               ;
; dist_h[7][3]                            ; Merged with dist_h[7][0]               ;
; dist_h[7][4]                            ; Merged with dist_h[7][0]               ;
; dist_h[7][5]                            ; Merged with dist_h[7][0]               ;
; dist_h[7][6]                            ; Merged with dist_h[7][0]               ;
; dist_h[8][1]                            ; Merged with dist_h[8][0]               ;
; dist_h[8][2]                            ; Merged with dist_h[8][0]               ;
; dist_h[8][3]                            ; Merged with dist_h[8][0]               ;
; dist_h[8][4]                            ; Merged with dist_h[8][0]               ;
; dist_h[8][5]                            ; Merged with dist_h[8][0]               ;
; dist_h[8][6]                            ; Merged with dist_h[8][0]               ;
; dist_h[9][1]                            ; Merged with dist_h[9][0]               ;
; dist_h[9][2]                            ; Merged with dist_h[9][0]               ;
; dist_h[9][3]                            ; Merged with dist_h[9][0]               ;
; dist_h[9][4]                            ; Merged with dist_h[9][0]               ;
; dist_h[9][5]                            ; Merged with dist_h[9][0]               ;
; dist_h[9][6]                            ; Merged with dist_h[9][0]               ;
; dist_h[10][1]                           ; Merged with dist_h[10][0]              ;
; dist_h[10][2]                           ; Merged with dist_h[10][0]              ;
; dist_h[10][3]                           ; Merged with dist_h[10][0]              ;
; dist_h[10][4]                           ; Merged with dist_h[10][0]              ;
; dist_h[10][5]                           ; Merged with dist_h[10][0]              ;
; dist_h[10][6]                           ; Merged with dist_h[10][0]              ;
; dist_h[11][1]                           ; Merged with dist_h[11][0]              ;
; dist_h[11][2]                           ; Merged with dist_h[11][0]              ;
; dist_h[11][3]                           ; Merged with dist_h[11][0]              ;
; dist_h[11][4]                           ; Merged with dist_h[11][0]              ;
; dist_h[11][5]                           ; Merged with dist_h[11][0]              ;
; dist_h[11][6]                           ; Merged with dist_h[11][0]              ;
; dist_h[12][1]                           ; Merged with dist_h[12][0]              ;
; dist_h[12][2]                           ; Merged with dist_h[12][0]              ;
; dist_h[12][3]                           ; Merged with dist_h[12][0]              ;
; dist_h[12][4]                           ; Merged with dist_h[12][0]              ;
; dist_h[12][5]                           ; Merged with dist_h[12][0]              ;
; dist_h[12][6]                           ; Merged with dist_h[12][0]              ;
; dist_h[13][1]                           ; Merged with dist_h[13][0]              ;
; dist_h[13][2]                           ; Merged with dist_h[13][0]              ;
; dist_h[13][3]                           ; Merged with dist_h[13][0]              ;
; dist_h[13][4]                           ; Merged with dist_h[13][0]              ;
; dist_h[13][5]                           ; Merged with dist_h[13][0]              ;
; dist_h[13][6]                           ; Merged with dist_h[13][0]              ;
; dist_h[14][1]                           ; Merged with dist_h[14][0]              ;
; dist_h[14][2]                           ; Merged with dist_h[14][0]              ;
; dist_h[14][3]                           ; Merged with dist_h[14][0]              ;
; dist_h[14][4]                           ; Merged with dist_h[14][0]              ;
; dist_h[14][5]                           ; Merged with dist_h[14][0]              ;
; dist_h[14][6]                           ; Merged with dist_h[14][0]              ;
; dist_h[15][1]                           ; Merged with dist_h[15][0]              ;
; dist_h[15][2]                           ; Merged with dist_h[15][0]              ;
; dist_h[15][3]                           ; Merged with dist_h[15][0]              ;
; dist_h[15][4]                           ; Merged with dist_h[15][0]              ;
; dist_h[15][5]                           ; Merged with dist_h[15][0]              ;
; dist_h[15][6]                           ; Merged with dist_h[15][0]              ;
; dist_h[16][1]                           ; Merged with dist_h[16][0]              ;
; dist_h[16][2]                           ; Merged with dist_h[16][0]              ;
; dist_h[16][3]                           ; Merged with dist_h[16][0]              ;
; dist_h[16][4]                           ; Merged with dist_h[16][0]              ;
; dist_h[16][5]                           ; Merged with dist_h[16][0]              ;
; dist_h[16][6]                           ; Merged with dist_h[16][0]              ;
; dist_h[17][1]                           ; Merged with dist_h[17][0]              ;
; dist_h[17][2]                           ; Merged with dist_h[17][0]              ;
; dist_h[17][3]                           ; Merged with dist_h[17][0]              ;
; dist_h[17][4]                           ; Merged with dist_h[17][0]              ;
; dist_h[17][5]                           ; Merged with dist_h[17][0]              ;
; dist_h[17][6]                           ; Merged with dist_h[17][0]              ;
; dist_h[18][1]                           ; Merged with dist_h[18][0]              ;
; dist_h[18][2]                           ; Merged with dist_h[18][0]              ;
; dist_h[18][3]                           ; Merged with dist_h[18][0]              ;
; dist_h[18][4]                           ; Merged with dist_h[18][0]              ;
; dist_h[18][5]                           ; Merged with dist_h[18][0]              ;
; dist_h[18][6]                           ; Merged with dist_h[18][0]              ;
; dist_h[19][1]                           ; Merged with dist_h[19][0]              ;
; dist_h[19][2]                           ; Merged with dist_h[19][0]              ;
; dist_h[19][3]                           ; Merged with dist_h[19][0]              ;
; dist_h[19][4]                           ; Merged with dist_h[19][0]              ;
; dist_h[19][5]                           ; Merged with dist_h[19][0]              ;
; dist_h[19][6]                           ; Merged with dist_h[19][0]              ;
; dist_h[20][1]                           ; Merged with dist_h[20][0]              ;
; dist_h[20][2]                           ; Merged with dist_h[20][0]              ;
; dist_h[20][3]                           ; Merged with dist_h[20][0]              ;
; dist_h[20][4]                           ; Merged with dist_h[20][0]              ;
; dist_h[20][5]                           ; Merged with dist_h[20][0]              ;
; dist_h[20][6]                           ; Merged with dist_h[20][0]              ;
; dist_h[21][1]                           ; Merged with dist_h[21][0]              ;
; dist_h[21][2]                           ; Merged with dist_h[21][0]              ;
; dist_h[21][3]                           ; Merged with dist_h[21][0]              ;
; dist_h[21][4]                           ; Merged with dist_h[21][0]              ;
; dist_h[21][5]                           ; Merged with dist_h[21][0]              ;
; dist_h[21][6]                           ; Merged with dist_h[21][0]              ;
; dist_h[22][1]                           ; Merged with dist_h[22][0]              ;
; dist_h[22][2]                           ; Merged with dist_h[22][0]              ;
; dist_h[22][3]                           ; Merged with dist_h[22][0]              ;
; dist_h[22][4]                           ; Merged with dist_h[22][0]              ;
; dist_h[22][5]                           ; Merged with dist_h[22][0]              ;
; dist_h[22][6]                           ; Merged with dist_h[22][0]              ;
; dist_h[23][1]                           ; Merged with dist_h[23][0]              ;
; dist_h[23][2]                           ; Merged with dist_h[23][0]              ;
; dist_h[23][3]                           ; Merged with dist_h[23][0]              ;
; dist_h[23][4]                           ; Merged with dist_h[23][0]              ;
; dist_h[23][5]                           ; Merged with dist_h[23][0]              ;
; dist_h[23][6]                           ; Merged with dist_h[23][0]              ;
; dist_h[24][1]                           ; Merged with dist_h[24][0]              ;
; dist_h[24][2]                           ; Merged with dist_h[24][0]              ;
; dist_h[24][3]                           ; Merged with dist_h[24][0]              ;
; dist_h[24][4]                           ; Merged with dist_h[24][0]              ;
; dist_h[24][5]                           ; Merged with dist_h[24][0]              ;
; dist_h[24][6]                           ; Merged with dist_h[24][0]              ;
; dist[1][1]                              ; Merged with dist[1][0]                 ;
; dist[1][2]                              ; Merged with dist[1][0]                 ;
; dist[1][3]                              ; Merged with dist[1][0]                 ;
; dist[1][4]                              ; Merged with dist[1][0]                 ;
; dist[1][5]                              ; Merged with dist[1][0]                 ;
; dist[1][6]                              ; Merged with dist[1][0]                 ;
; dist[2][1]                              ; Merged with dist[2][0]                 ;
; dist[2][2]                              ; Merged with dist[2][0]                 ;
; dist[2][3]                              ; Merged with dist[2][0]                 ;
; dist[2][4]                              ; Merged with dist[2][0]                 ;
; dist[2][5]                              ; Merged with dist[2][0]                 ;
; dist[2][6]                              ; Merged with dist[2][0]                 ;
; dist[3][1]                              ; Merged with dist[3][0]                 ;
; dist[3][2]                              ; Merged with dist[3][0]                 ;
; dist[3][3]                              ; Merged with dist[3][0]                 ;
; dist[3][4]                              ; Merged with dist[3][0]                 ;
; dist[3][5]                              ; Merged with dist[3][0]                 ;
; dist[3][6]                              ; Merged with dist[3][0]                 ;
; dist[4][1]                              ; Merged with dist[4][0]                 ;
; dist[4][2]                              ; Merged with dist[4][0]                 ;
; dist[4][3]                              ; Merged with dist[4][0]                 ;
; dist[4][4]                              ; Merged with dist[4][0]                 ;
; dist[4][5]                              ; Merged with dist[4][0]                 ;
; dist[4][6]                              ; Merged with dist[4][0]                 ;
; dist[5][1]                              ; Merged with dist[5][0]                 ;
; dist[5][2]                              ; Merged with dist[5][0]                 ;
; dist[5][3]                              ; Merged with dist[5][0]                 ;
; dist[5][4]                              ; Merged with dist[5][0]                 ;
; dist[5][5]                              ; Merged with dist[5][0]                 ;
; dist[5][6]                              ; Merged with dist[5][0]                 ;
; dist[6][1]                              ; Merged with dist[6][0]                 ;
; dist[6][2]                              ; Merged with dist[6][0]                 ;
; dist[6][3]                              ; Merged with dist[6][0]                 ;
; dist[6][4]                              ; Merged with dist[6][0]                 ;
; dist[6][5]                              ; Merged with dist[6][0]                 ;
; dist[6][6]                              ; Merged with dist[6][0]                 ;
; dist[7][1]                              ; Merged with dist[7][0]                 ;
; dist[7][2]                              ; Merged with dist[7][0]                 ;
; dist[7][3]                              ; Merged with dist[7][0]                 ;
; dist[7][4]                              ; Merged with dist[7][0]                 ;
; dist[7][5]                              ; Merged with dist[7][0]                 ;
; dist[7][6]                              ; Merged with dist[7][0]                 ;
; dist[8][1]                              ; Merged with dist[8][0]                 ;
; dist[8][2]                              ; Merged with dist[8][0]                 ;
; dist[8][3]                              ; Merged with dist[8][0]                 ;
; dist[8][4]                              ; Merged with dist[8][0]                 ;
; dist[8][5]                              ; Merged with dist[8][0]                 ;
; dist[8][6]                              ; Merged with dist[8][0]                 ;
; dist[9][1]                              ; Merged with dist[9][0]                 ;
; dist[9][2]                              ; Merged with dist[9][0]                 ;
; dist[9][3]                              ; Merged with dist[9][0]                 ;
; dist[9][4]                              ; Merged with dist[9][0]                 ;
; dist[9][5]                              ; Merged with dist[9][0]                 ;
; dist[9][6]                              ; Merged with dist[9][0]                 ;
; dist[10][1]                             ; Merged with dist[10][0]                ;
; dist[10][2]                             ; Merged with dist[10][0]                ;
; dist[10][3]                             ; Merged with dist[10][0]                ;
; dist[10][4]                             ; Merged with dist[10][0]                ;
; dist[10][5]                             ; Merged with dist[10][0]                ;
; dist[10][6]                             ; Merged with dist[10][0]                ;
; dist[11][1]                             ; Merged with dist[11][0]                ;
; dist[11][2]                             ; Merged with dist[11][0]                ;
; dist[11][3]                             ; Merged with dist[11][0]                ;
; dist[11][4]                             ; Merged with dist[11][0]                ;
; dist[11][5]                             ; Merged with dist[11][0]                ;
; dist[11][6]                             ; Merged with dist[11][0]                ;
; dist[12][1]                             ; Merged with dist[12][0]                ;
; dist[12][2]                             ; Merged with dist[12][0]                ;
; dist[12][3]                             ; Merged with dist[12][0]                ;
; dist[12][4]                             ; Merged with dist[12][0]                ;
; dist[12][5]                             ; Merged with dist[12][0]                ;
; dist[12][6]                             ; Merged with dist[12][0]                ;
; dist[13][1]                             ; Merged with dist[13][0]                ;
; dist[13][2]                             ; Merged with dist[13][0]                ;
; dist[13][3]                             ; Merged with dist[13][0]                ;
; dist[13][4]                             ; Merged with dist[13][0]                ;
; dist[13][5]                             ; Merged with dist[13][0]                ;
; dist[13][6]                             ; Merged with dist[13][0]                ;
; dist[14][1]                             ; Merged with dist[14][0]                ;
; dist[14][2]                             ; Merged with dist[14][0]                ;
; dist[14][3]                             ; Merged with dist[14][0]                ;
; dist[14][4]                             ; Merged with dist[14][0]                ;
; dist[14][5]                             ; Merged with dist[14][0]                ;
; dist[14][6]                             ; Merged with dist[14][0]                ;
; dist[15][1]                             ; Merged with dist[15][0]                ;
; dist[15][2]                             ; Merged with dist[15][0]                ;
; dist[15][3]                             ; Merged with dist[15][0]                ;
; dist[15][4]                             ; Merged with dist[15][0]                ;
; dist[15][5]                             ; Merged with dist[15][0]                ;
; dist[15][6]                             ; Merged with dist[15][0]                ;
; dist[16][1]                             ; Merged with dist[16][0]                ;
; dist[16][2]                             ; Merged with dist[16][0]                ;
; dist[16][3]                             ; Merged with dist[16][0]                ;
; dist[16][4]                             ; Merged with dist[16][0]                ;
; dist[16][5]                             ; Merged with dist[16][0]                ;
; dist[16][6]                             ; Merged with dist[16][0]                ;
; dist[17][1]                             ; Merged with dist[17][0]                ;
; dist[17][2]                             ; Merged with dist[17][0]                ;
; dist[17][3]                             ; Merged with dist[17][0]                ;
; dist[17][4]                             ; Merged with dist[17][0]                ;
; dist[17][5]                             ; Merged with dist[17][0]                ;
; dist[17][6]                             ; Merged with dist[17][0]                ;
; dist[18][1]                             ; Merged with dist[18][0]                ;
; dist[18][2]                             ; Merged with dist[18][0]                ;
; dist[18][3]                             ; Merged with dist[18][0]                ;
; dist[18][4]                             ; Merged with dist[18][0]                ;
; dist[18][5]                             ; Merged with dist[18][0]                ;
; dist[18][6]                             ; Merged with dist[18][0]                ;
; dist[19][1]                             ; Merged with dist[19][0]                ;
; dist[19][2]                             ; Merged with dist[19][0]                ;
; dist[19][3]                             ; Merged with dist[19][0]                ;
; dist[19][4]                             ; Merged with dist[19][0]                ;
; dist[19][5]                             ; Merged with dist[19][0]                ;
; dist[19][6]                             ; Merged with dist[19][0]                ;
; dist[20][1]                             ; Merged with dist[20][0]                ;
; dist[20][2]                             ; Merged with dist[20][0]                ;
; dist[20][3]                             ; Merged with dist[20][0]                ;
; dist[20][4]                             ; Merged with dist[20][0]                ;
; dist[20][5]                             ; Merged with dist[20][0]                ;
; dist[20][6]                             ; Merged with dist[20][0]                ;
; dist[21][1]                             ; Merged with dist[21][0]                ;
; dist[21][2]                             ; Merged with dist[21][0]                ;
; dist[21][3]                             ; Merged with dist[21][0]                ;
; dist[21][4]                             ; Merged with dist[21][0]                ;
; dist[21][5]                             ; Merged with dist[21][0]                ;
; dist[21][6]                             ; Merged with dist[21][0]                ;
; dist[22][1]                             ; Merged with dist[22][0]                ;
; dist[22][2]                             ; Merged with dist[22][0]                ;
; dist[22][3]                             ; Merged with dist[22][0]                ;
; dist[22][4]                             ; Merged with dist[22][0]                ;
; dist[22][5]                             ; Merged with dist[22][0]                ;
; dist[22][6]                             ; Merged with dist[22][0]                ;
; dist[23][1]                             ; Merged with dist[23][0]                ;
; dist[23][2]                             ; Merged with dist[23][0]                ;
; dist[23][3]                             ; Merged with dist[23][0]                ;
; dist[23][4]                             ; Merged with dist[23][0]                ;
; dist[23][5]                             ; Merged with dist[23][0]                ;
; dist[23][6]                             ; Merged with dist[23][0]                ;
; dist[24][1]                             ; Merged with dist[24][0]                ;
; dist[24][2]                             ; Merged with dist[24][0]                ;
; dist[24][3]                             ; Merged with dist[24][0]                ;
; dist[24][4]                             ; Merged with dist[24][0]                ;
; dist[24][5]                             ; Merged with dist[24][0]                ;
; dist[24][6]                             ; Merged with dist[24][0]                ;
; Total Number of Removed Registers = 348 ;                                        ;
+-----------------------------------------+----------------------------------------+


+------------------------------------------------------------------------------------+
; Removed Registers Triggering Further Register Optimizations                        ;
+---------------+---------------------------+----------------------------------------+
; Register name ; Reason for Removal        ; Registers Removed due to This Register ;
+---------------+---------------------------+----------------------------------------+
; dist[25][6]   ; Stuck at VCC              ; dist_h[25][6]                          ;
;               ; due to stuck port data_in ;                                        ;
; dist[25][5]   ; Stuck at VCC              ; dist_h[25][5]                          ;
;               ; due to stuck port data_in ;                                        ;
; dist[25][4]   ; Stuck at VCC              ; dist_h[25][4]                          ;
;               ; due to stuck port data_in ;                                        ;
; dist[25][3]   ; Stuck at VCC              ; dist_h[25][3]                          ;
;               ; due to stuck port data_in ;                                        ;
; dist[25][2]   ; Stuck at VCC              ; dist_h[25][2]                          ;
;               ; due to stuck port data_in ;                                        ;
; dist[25][1]   ; Stuck at VCC              ; dist_h[25][1]                          ;
;               ; due to stuck port data_in ;                                        ;
; dist[25][0]   ; Stuck at VCC              ; dist_h[25][0]                          ;
;               ; due to stuck port data_in ;                                        ;
+---------------+---------------------------+----------------------------------------+


+------------------------------------------------------+
; General Register Statistics                          ;
+----------------------------------------------+-------+
; Statistic                                    ; Value ;
+----------------------------------------------+-------+
; Total registers                              ; 442   ;
; Number of registers using Synchronous Clear  ; 15    ;
; Number of registers using Synchronous Load   ; 135   ;
; Number of registers using Asynchronous Clear ; 0     ;
; Number of registers using Asynchronous Load  ; 0     ;
; Number of registers using Clock Enable       ; 378   ;
; Number of registers using Preset             ; 0     ;
+----------------------------------------------+-------+


+--------------------------------------------------+
; Inverted Register Statistics                     ;
+----------------------------------------+---------+
; Inverted Register                      ; Fan out ;
+----------------------------------------+---------+
; i[4]                                   ; 45      ;
; i[3]                                   ; 61      ;
; i[1]                                   ; 64      ;
; sel[0]                                 ; 3       ;
; Total number of inverted registers = 4 ;         ;
+----------------------------------------+---------+


+----------------------------------------------------------------------------------------------------------------------------------------------+
; Multiplexer Restructuring Statistics (Restructuring Performed)                                                                               ;
+--------------------+-----------+---------------+----------------------+------------------------+------------+--------------------------------+
; Multiplexer Inputs ; Bus Width ; Baseline Area ; Area if Restructured ; Saving if Restructured ; Registered ; Example Multiplexer Output     ;
+--------------------+-----------+---------------+----------------------+------------------------+------------+--------------------------------+
; 3:1                ; 182 bits  ; 364 LEs       ; 182 LEs              ; 182 LEs                ; Yes        ; |path_planner|dist[25][4]      ;
; 4:1                ; 182 bits  ; 364 LEs       ; 182 LEs              ; 182 LEs                ; Yes        ; |path_planner|dist_h[11][2]    ;
; 4:1                ; 5 bits    ; 10 LEs        ; 5 LEs                ; 5 LEs                  ; Yes        ; |path_planner|dist[0][9]       ;
; 4:1                ; 5 bits    ; 10 LEs        ; 5 LEs                ; 5 LEs                  ; Yes        ; |path_planner|dist[1][8]       ;
; 4:1                ; 5 bits    ; 10 LEs        ; 5 LEs                ; 5 LEs                  ; Yes        ; |path_planner|dist[2][8]       ;
; 4:1                ; 5 bits    ; 10 LEs        ; 5 LEs                ; 5 LEs                  ; Yes        ; |path_planner|dist[3][8]       ;
; 4:1                ; 5 bits    ; 10 LEs        ; 5 LEs                ; 5 LEs                  ; Yes        ; |path_planner|dist[4][8]       ;
; 4:1                ; 5 bits    ; 10 LEs        ; 5 LEs                ; 5 LEs                  ; Yes        ; |path_planner|dist[5][8]       ;
; 4:1                ; 5 bits    ; 10 LEs        ; 5 LEs                ; 5 LEs                  ; Yes        ; |path_planner|dist[6][9]       ;
; 4:1                ; 5 bits    ; 10 LEs        ; 5 LEs                ; 5 LEs                  ; Yes        ; |path_planner|dist[7][9]       ;
; 4:1                ; 5 bits    ; 10 LEs        ; 5 LEs                ; 5 LEs                  ; Yes        ; |path_planner|dist[8][11]      ;
; 4:1                ; 5 bits    ; 10 LEs        ; 5 LEs                ; 5 LEs                  ; Yes        ; |path_planner|dist[9][9]       ;
; 4:1                ; 5 bits    ; 10 LEs        ; 5 LEs                ; 5 LEs                  ; Yes        ; |path_planner|dist[10][7]      ;
; 4:1                ; 5 bits    ; 10 LEs        ; 5 LEs                ; 5 LEs                  ; Yes        ; |path_planner|dist[11][9]      ;
; 4:1                ; 5 bits    ; 10 LEs        ; 5 LEs                ; 5 LEs                  ; Yes        ; |path_planner|dist[12][10]     ;
; 4:1                ; 5 bits    ; 10 LEs        ; 5 LEs                ; 5 LEs                  ; Yes        ; |path_planner|dist[13][10]     ;
; 4:1                ; 5 bits    ; 10 LEs        ; 5 LEs                ; 5 LEs                  ; Yes        ; |path_planner|dist[14][10]     ;
; 4:1                ; 5 bits    ; 10 LEs        ; 5 LEs                ; 5 LEs                  ; Yes        ; |path_planner|dist[15][10]     ;
; 4:1                ; 5 bits    ; 10 LEs        ; 5 LEs                ; 5 LEs                  ; Yes        ; |path_planner|dist[16][10]     ;
; 4:1                ; 5 bits    ; 10 LEs        ; 5 LEs                ; 5 LEs                  ; Yes        ; |path_planner|dist[17][10]     ;
; 4:1                ; 5 bits    ; 10 LEs        ; 5 LEs                ; 5 LEs                  ; Yes        ; |path_planner|dist[18][10]     ;
; 4:1                ; 5 bits    ; 10 LEs        ; 5 LEs                ; 5 LEs                  ; Yes        ; |path_planner|dist[19][10]     ;
; 4:1                ; 5 bits    ; 10 LEs        ; 5 LEs                ; 5 LEs                  ; Yes        ; |path_planner|dist[20][10]     ;
; 4:1                ; 5 bits    ; 10 LEs        ; 5 LEs                ; 5 LEs                  ; Yes        ; |path_planner|dist[21][8]      ;
; 4:1                ; 5 bits    ; 10 LEs        ; 5 LEs                ; 5 LEs                  ; Yes        ; |path_planner|dist[22][8]      ;
; 4:1                ; 5 bits    ; 10 LEs        ; 5 LEs                ; 5 LEs                  ; Yes        ; |path_planner|dist[23][7]      ;
; 4:1                ; 5 bits    ; 10 LEs        ; 5 LEs                ; 5 LEs                  ; Yes        ; |path_planner|dist[24][8]      ;
; 4:1                ; 5 bits    ; 10 LEs        ; 5 LEs                ; 5 LEs                  ; Yes        ; |path_planner|dist[25][7]      ;
; 5:1                ; 4 bits    ; 12 LEs        ; 4 LEs                ; 8 LEs                  ; Yes        ; |path_planner|count[3]         ;
; 5:1                ; 130 bits  ; 390 LEs       ; 260 LEs              ; 130 LEs                ; Yes        ; |path_planner|dist_h[18][10]   ;
; 5:1                ; 5 bits    ; 15 LEs        ; 5 LEs                ; 10 LEs                 ; Yes        ; |path_planner|visited_count[0] ;
; 7:1                ; 5 bits    ; 20 LEs        ; 10 LEs               ; 10 LEs                 ; Yes        ; |path_planner|j[0]             ;
; 5:1                ; 7 bits    ; 21 LEs        ; 14 LEs               ; 7 LEs                  ; Yes        ; |path_planner|sel[5]           ;
; 26:1               ; 5 bits    ; 85 LEs        ; 85 LEs               ; 0 LEs                  ; No         ; |path_planner|Mux30            ;
; 26:1               ; 5 bits    ; 85 LEs        ; 85 LEs               ; 0 LEs                  ; No         ; |path_planner|Mux0             ;
; 26:1               ; 8 bits    ; 136 LEs       ; 136 LEs              ; 0 LEs                  ; No         ; |path_planner|Mux16            ;
; 26:1               ; 8 bits    ; 136 LEs       ; 136 LEs              ; 0 LEs                  ; No         ; |path_planner|Mux22            ;
; 6:1                ; 3 bits    ; 12 LEs        ; 6 LEs                ; 6 LEs                  ; No         ; |path_planner|Selector500      ;
; 27:1               ; 5 bits    ; 90 LEs        ; 90 LEs               ; 0 LEs                  ; No         ; |path_planner|dist             ;
+--------------------+-----------+---------------+----------------------+------------------------+------------+--------------------------------+


+------------------------------------------------------------------------------+
; Parameter Settings for User Entity Instance: Top-level Entity: |path_planner ;
+----------------+-------+-----------------------------------------------------+
; Parameter Name ; Value ; Type                                                ;
+----------------+-------+-----------------------------------------------------+
; node_count     ; 27    ; Signed Integer                                      ;
; max_edges      ; 4     ; Signed Integer                                      ;
+----------------+-------+-----------------------------------------------------+
Note: In order to hide this table in the UI and the text report file, please set the "Show Parameter Settings in Synthesis Report" option in "Analysis and Synthesis Settings -> More Settings" to "Off".


+-----------------------------------------------------+
; Post-Synthesis Netlist Statistics for Top Partition ;
+-----------------------+-----------------------------+
; Type                  ; Count                       ;
+-----------------------+-----------------------------+
; boundary_port         ; 89                          ;
; cycloneiii_ff         ; 442                         ;
;     ENA               ; 228                         ;
;     ENA SCLR          ; 15                          ;
;     ENA SLD           ; 135                         ;
;     plain             ; 64                          ;
; cycloneiii_lcell_comb ; 1029                        ;
;     arith             ; 14                          ;
;         2 data inputs ; 6                           ;
;         3 data inputs ; 8                           ;
;     normal            ; 1015                        ;
;         0 data inputs ; 2                           ;
;         1 data inputs ; 8                           ;
;         2 data inputs ; 96                          ;
;         3 data inputs ; 149                         ;
;         4 data inputs ; 760                         ;
;                       ;                             ;
; Max LUT depth         ; 14.60                       ;
; Average LUT depth     ; 6.59                        ;
+-----------------------+-----------------------------+


+-------------------------------+
; Elapsed Time Per Partition    ;
+----------------+--------------+
; Partition Name ; Elapsed Time ;
+----------------+--------------+
; Top            ; 00:00:05     ;
+----------------+--------------+


+-------------------------------+
; Analysis & Synthesis Messages ;
+-------------------------------+
Info: *******************************************************************
Info: Running Quartus Prime Analysis & Synthesis
    Info: Version 19.1.0 Build 670 09/22/2019 SJ Lite Edition
    Info: Processing started: Fri Jan 27 14:20:18 2023
Info: Command: quartus_map --read_settings_files=on --write_settings_files=off path_planner -c path_planner
Warning (18236): Number of processors has not been specified which may cause overloading on shared machines.  Set the global assignment NUM_PARALLEL_PROCESSORS in your QSF to an appropriate value for best performance.
Info (20030): Parallel compilation is enabled and will use 4 of the 4 processors detected
Warning (10463): Verilog HDL Declaration warning at path_planner.v(52): "dist" is SystemVerilog-2005 keyword File: F:/eyrc22_SB_2999/Task2/SB#2999_Task2C/path_planner/path_planner.v Line: 52
Info (12021): Found 1 design units, including 1 entities, in source file path_planner.v
    Info (12023): Found entity 1: path_planner File: F:/eyrc22_SB_2999/Task2/SB#2999_Task2C/path_planner/path_planner.v Line: 32
Warning (10222): Verilog HDL Parameter Declaration warning at path_planner.v(49): Parameter Declaration in module "path_planner" behaves as a Local Parameter Declaration because the module has a Module Parameter Port List File: F:/eyrc22_SB_2999/Task2/SB#2999_Task2C/path_planner/path_planner.v Line: 49
Warning (10222): Verilog HDL Parameter Declaration warning at path_planner.v(54): Parameter Declaration in module "path_planner" behaves as a Local Parameter Declaration because the module has a Module Parameter Port List File: F:/eyrc22_SB_2999/Task2/SB#2999_Task2C/path_planner/path_planner.v Line: 54
Info (12127): Elaborating entity "path_planner" for the top level hierarchy
Warning (10036): Verilog HDL or VHDL warning at path_planner.v(141): object "readflag" assigned a value but never read File: F:/eyrc22_SB_2999/Task2/SB#2999_Task2C/path_planner/path_planner.v Line: 141
Warning (10230): Verilog HDL assignment warning at path_planner.v(63): truncated value with size 32 to match size of target (5) File: F:/eyrc22_SB_2999/Task2/SB#2999_Task2C/path_planner/path_planner.v Line: 63
Warning (10230): Verilog HDL assignment warning at path_planner.v(71): truncated value with size 3 to match size of target (2) File: F:/eyrc22_SB_2999/Task2/SB#2999_Task2C/path_planner/path_planner.v Line: 71
Warning (10230): Verilog HDL assignment warning at path_planner.v(72): truncated value with size 3 to match size of target (2) File: F:/eyrc22_SB_2999/Task2/SB#2999_Task2C/path_planner/path_planner.v Line: 72
Warning (10230): Verilog HDL assignment warning at path_planner.v(73): truncated value with size 3 to match size of target (2) File: F:/eyrc22_SB_2999/Task2/SB#2999_Task2C/path_planner/path_planner.v Line: 73
Warning (10230): Verilog HDL assignment warning at path_planner.v(74): truncated value with size 3 to match size of target (2) File: F:/eyrc22_SB_2999/Task2/SB#2999_Task2C/path_planner/path_planner.v Line: 74
Warning (10230): Verilog HDL assignment warning at path_planner.v(75): truncated value with size 3 to match size of target (2) File: F:/eyrc22_SB_2999/Task2/SB#2999_Task2C/path_planner/path_planner.v Line: 75
Warning (10230): Verilog HDL assignment warning at path_planner.v(76): truncated value with size 3 to match size of target (2) File: F:/eyrc22_SB_2999/Task2/SB#2999_Task2C/path_planner/path_planner.v Line: 76
Warning (10230): Verilog HDL assignment warning at path_planner.v(77): truncated value with size 3 to match size of target (2) File: F:/eyrc22_SB_2999/Task2/SB#2999_Task2C/path_planner/path_planner.v Line: 77
Warning (10230): Verilog HDL assignment warning at path_planner.v(78): truncated value with size 3 to match size of target (2) File: F:/eyrc22_SB_2999/Task2/SB#2999_Task2C/path_planner/path_planner.v Line: 78
Warning (10230): Verilog HDL assignment warning at path_planner.v(79): truncated value with size 3 to match size of target (2) File: F:/eyrc22_SB_2999/Task2/SB#2999_Task2C/path_planner/path_planner.v Line: 79
Warning (10230): Verilog HDL assignment warning at path_planner.v(80): truncated value with size 3 to match size of target (2) File: F:/eyrc22_SB_2999/Task2/SB#2999_Task2C/path_planner/path_planner.v Line: 80
Warning (10230): Verilog HDL assignment warning at path_planner.v(81): truncated value with size 3 to match size of target (2) File: F:/eyrc22_SB_2999/Task2/SB#2999_Task2C/path_planner/path_planner.v Line: 81
Warning (10230): Verilog HDL assignment warning at path_planner.v(82): truncated value with size 3 to match size of target (2) File: F:/eyrc22_SB_2999/Task2/SB#2999_Task2C/path_planner/path_planner.v Line: 82
Warning (10230): Verilog HDL assignment warning at path_planner.v(83): truncated value with size 3 to match size of target (2) File: F:/eyrc22_SB_2999/Task2/SB#2999_Task2C/path_planner/path_planner.v Line: 83
Warning (10230): Verilog HDL assignment warning at path_planner.v(84): truncated value with size 3 to match size of target (2) File: F:/eyrc22_SB_2999/Task2/SB#2999_Task2C/path_planner/path_planner.v Line: 84
Warning (10230): Verilog HDL assignment warning at path_planner.v(85): truncated value with size 3 to match size of target (2) File: F:/eyrc22_SB_2999/Task2/SB#2999_Task2C/path_planner/path_planner.v Line: 85
Warning (10230): Verilog HDL assignment warning at path_planner.v(86): truncated value with size 3 to match size of target (2) File: F:/eyrc22_SB_2999/Task2/SB#2999_Task2C/path_planner/path_planner.v Line: 86
Warning (10230): Verilog HDL assignment warning at path_planner.v(87): truncated value with size 3 to match size of target (2) File: F:/eyrc22_SB_2999/Task2/SB#2999_Task2C/path_planner/path_planner.v Line: 87
Warning (10230): Verilog HDL assignment warning at path_planner.v(88): truncated value with size 3 to match size of target (2) File: F:/eyrc22_SB_2999/Task2/SB#2999_Task2C/path_planner/path_planner.v Line: 88
Warning (10230): Verilog HDL assignment warning at path_planner.v(89): truncated value with size 3 to match size of target (2) File: F:/eyrc22_SB_2999/Task2/SB#2999_Task2C/path_planner/path_planner.v Line: 89
Warning (10230): Verilog HDL assignment warning at path_planner.v(90): truncated value with size 3 to match size of target (2) File: F:/eyrc22_SB_2999/Task2/SB#2999_Task2C/path_planner/path_planner.v Line: 90
Warning (10230): Verilog HDL assignment warning at path_planner.v(91): truncated value with size 3 to match size of target (2) File: F:/eyrc22_SB_2999/Task2/SB#2999_Task2C/path_planner/path_planner.v Line: 91
Warning (10230): Verilog HDL assignment warning at path_planner.v(92): truncated value with size 3 to match size of target (2) File: F:/eyrc22_SB_2999/Task2/SB#2999_Task2C/path_planner/path_planner.v Line: 92
Warning (10230): Verilog HDL assignment warning at path_planner.v(93): truncated value with size 3 to match size of target (2) File: F:/eyrc22_SB_2999/Task2/SB#2999_Task2C/path_planner/path_planner.v Line: 93
Warning (10230): Verilog HDL assignment warning at path_planner.v(94): truncated value with size 3 to match size of target (2) File: F:/eyrc22_SB_2999/Task2/SB#2999_Task2C/path_planner/path_planner.v Line: 94
Warning (10230): Verilog HDL assignment warning at path_planner.v(95): truncated value with size 3 to match size of target (2) File: F:/eyrc22_SB_2999/Task2/SB#2999_Task2C/path_planner/path_planner.v Line: 95
Warning (10230): Verilog HDL assignment warning at path_planner.v(96): truncated value with size 3 to match size of target (2) File: F:/eyrc22_SB_2999/Task2/SB#2999_Task2C/path_planner/path_planner.v Line: 96
Warning (10230): Verilog HDL assignment warning at path_planner.v(97): truncated value with size 3 to match size of target (2) File: F:/eyrc22_SB_2999/Task2/SB#2999_Task2C/path_planner/path_planner.v Line: 97
Warning (10230): Verilog HDL assignment warning at path_planner.v(98): truncated value with size 3 to match size of target (2) File: F:/eyrc22_SB_2999/Task2/SB#2999_Task2C/path_planner/path_planner.v Line: 98
Warning (10230): Verilog HDL assignment warning at path_planner.v(99): truncated value with size 3 to match size of target (2) File: F:/eyrc22_SB_2999/Task2/SB#2999_Task2C/path_planner/path_planner.v Line: 99
Warning (10230): Verilog HDL assignment warning at path_planner.v(100): truncated value with size 3 to match size of target (2) File: F:/eyrc22_SB_2999/Task2/SB#2999_Task2C/path_planner/path_planner.v Line: 100
Warning (10230): Verilog HDL assignment warning at path_planner.v(101): truncated value with size 3 to match size of target (2) File: F:/eyrc22_SB_2999/Task2/SB#2999_Task2C/path_planner/path_planner.v Line: 101
Warning (10230): Verilog HDL assignment warning at path_planner.v(102): truncated value with size 3 to match size of target (2) File: F:/eyrc22_SB_2999/Task2/SB#2999_Task2C/path_planner/path_planner.v Line: 102
Warning (10230): Verilog HDL assignment warning at path_planner.v(103): truncated value with size 3 to match size of target (2) File: F:/eyrc22_SB_2999/Task2/SB#2999_Task2C/path_planner/path_planner.v Line: 103
Warning (10230): Verilog HDL assignment warning at path_planner.v(104): truncated value with size 3 to match size of target (2) File: F:/eyrc22_SB_2999/Task2/SB#2999_Task2C/path_planner/path_planner.v Line: 104
Warning (10230): Verilog HDL assignment warning at path_planner.v(105): truncated value with size 3 to match size of target (2) File: F:/eyrc22_SB_2999/Task2/SB#2999_Task2C/path_planner/path_planner.v Line: 105
Warning (10230): Verilog HDL assignment warning at path_planner.v(106): truncated value with size 3 to match size of target (2) File: F:/eyrc22_SB_2999/Task2/SB#2999_Task2C/path_planner/path_planner.v Line: 106
Warning (10230): Verilog HDL assignment warning at path_planner.v(107): truncated value with size 3 to match size of target (2) File: F:/eyrc22_SB_2999/Task2/SB#2999_Task2C/path_planner/path_planner.v Line: 107
Warning (10230): Verilog HDL assignment warning at path_planner.v(108): truncated value with size 3 to match size of target (2) File: F:/eyrc22_SB_2999/Task2/SB#2999_Task2C/path_planner/path_planner.v Line: 108
Warning (10230): Verilog HDL assignment warning at path_planner.v(109): truncated value with size 3 to match size of target (2) File: F:/eyrc22_SB_2999/Task2/SB#2999_Task2C/path_planner/path_planner.v Line: 109
Warning (10230): Verilog HDL assignment warning at path_planner.v(110): truncated value with size 3 to match size of target (2) File: F:/eyrc22_SB_2999/Task2/SB#2999_Task2C/path_planner/path_planner.v Line: 110
Warning (10230): Verilog HDL assignment warning at path_planner.v(111): truncated value with size 3 to match size of target (2) File: F:/eyrc22_SB_2999/Task2/SB#2999_Task2C/path_planner/path_planner.v Line: 111
Warning (10230): Verilog HDL assignment warning at path_planner.v(112): truncated value with size 3 to match size of target (2) File: F:/eyrc22_SB_2999/Task2/SB#2999_Task2C/path_planner/path_planner.v Line: 112
Warning (10230): Verilog HDL assignment warning at path_planner.v(113): truncated value with size 3 to match size of target (2) File: F:/eyrc22_SB_2999/Task2/SB#2999_Task2C/path_planner/path_planner.v Line: 113
Warning (10230): Verilog HDL assignment warning at path_planner.v(114): truncated value with size 3 to match size of target (2) File: F:/eyrc22_SB_2999/Task2/SB#2999_Task2C/path_planner/path_planner.v Line: 114
Warning (10230): Verilog HDL assignment warning at path_planner.v(115): truncated value with size 3 to match size of target (2) File: F:/eyrc22_SB_2999/Task2/SB#2999_Task2C/path_planner/path_planner.v Line: 115
Warning (10230): Verilog HDL assignment warning at path_planner.v(116): truncated value with size 3 to match size of target (2) File: F:/eyrc22_SB_2999/Task2/SB#2999_Task2C/path_planner/path_planner.v Line: 116
Warning (10230): Verilog HDL assignment warning at path_planner.v(117): truncated value with size 3 to match size of target (2) File: F:/eyrc22_SB_2999/Task2/SB#2999_Task2C/path_planner/path_planner.v Line: 117
Warning (10230): Verilog HDL assignment warning at path_planner.v(118): truncated value with size 3 to match size of target (2) File: F:/eyrc22_SB_2999/Task2/SB#2999_Task2C/path_planner/path_planner.v Line: 118
Warning (10230): Verilog HDL assignment warning at path_planner.v(119): truncated value with size 3 to match size of target (2) File: F:/eyrc22_SB_2999/Task2/SB#2999_Task2C/path_planner/path_planner.v Line: 119
Warning (10230): Verilog HDL assignment warning at path_planner.v(120): truncated value with size 3 to match size of target (2) File: F:/eyrc22_SB_2999/Task2/SB#2999_Task2C/path_planner/path_planner.v Line: 120
Warning (10230): Verilog HDL assignment warning at path_planner.v(121): truncated value with size 3 to match size of target (2) File: F:/eyrc22_SB_2999/Task2/SB#2999_Task2C/path_planner/path_planner.v Line: 121
Warning (10230): Verilog HDL assignment warning at path_planner.v(122): truncated value with size 3 to match size of target (2) File: F:/eyrc22_SB_2999/Task2/SB#2999_Task2C/path_planner/path_planner.v Line: 122
Warning (10230): Verilog HDL assignment warning at path_planner.v(123): truncated value with size 3 to match size of target (2) File: F:/eyrc22_SB_2999/Task2/SB#2999_Task2C/path_planner/path_planner.v Line: 123
Warning (10230): Verilog HDL assignment warning at path_planner.v(124): truncated value with size 3 to match size of target (2) File: F:/eyrc22_SB_2999/Task2/SB#2999_Task2C/path_planner/path_planner.v Line: 124
Warning (10230): Verilog HDL assignment warning at path_planner.v(126): truncated value with size 32 to match size of target (5) File: F:/eyrc22_SB_2999/Task2/SB#2999_Task2C/path_planner/path_planner.v Line: 126
Warning (10855): Verilog HDL warning at path_planner.v(61): initial value for variable dist should be constant File: F:/eyrc22_SB_2999/Task2/SB#2999_Task2C/path_planner/path_planner.v Line: 61
Warning (10855): Verilog HDL warning at path_planner.v(61): initial value for variable dist_h should be constant File: F:/eyrc22_SB_2999/Task2/SB#2999_Task2C/path_planner/path_planner.v Line: 61
Warning (10855): Verilog HDL warning at path_planner.v(61): initial value for variable cost_matrix should be constant File: F:/eyrc22_SB_2999/Task2/SB#2999_Task2C/path_planner/path_planner.v Line: 61
Warning (10230): Verilog HDL assignment warning at path_planner.v(181): truncated value with size 32 to match size of target (5) File: F:/eyrc22_SB_2999/Task2/SB#2999_Task2C/path_planner/path_planner.v Line: 181
Warning (10230): Verilog HDL assignment warning at path_planner.v(186): truncated value with size 32 to match size of target (5) File: F:/eyrc22_SB_2999/Task2/SB#2999_Task2C/path_planner/path_planner.v Line: 186
Warning (10230): Verilog HDL assignment warning at path_planner.v(205): truncated value with size 32 to match size of target (5) File: F:/eyrc22_SB_2999/Task2/SB#2999_Task2C/path_planner/path_planner.v Line: 205
Warning (10230): Verilog HDL assignment warning at path_planner.v(217): truncated value with size 32 to match size of target (4) File: F:/eyrc22_SB_2999/Task2/SB#2999_Task2C/path_planner/path_planner.v Line: 217
Critical Warning (10237): Verilog HDL warning at path_planner.v(226): can't infer register for assignment in edge-triggered always construct because the clock isn't obvious. Generated combinational logic instead File: F:/eyrc22_SB_2999/Task2/SB#2999_Task2C/path_planner/path_planner.v Line: 226
Critical Warning (10237): Verilog HDL warning at path_planner.v(227): can't infer register for assignment in edge-triggered always construct because the clock isn't obvious. Generated combinational logic instead File: F:/eyrc22_SB_2999/Task2/SB#2999_Task2C/path_planner/path_planner.v Line: 227
Warning (10230): Verilog HDL assignment warning at path_planner.v(228): truncated value with size 32 to match size of target (6) File: F:/eyrc22_SB_2999/Task2/SB#2999_Task2C/path_planner/path_planner.v Line: 228
Critical Warning (10237): Verilog HDL warning at path_planner.v(228): can't infer register for assignment in edge-triggered always construct because the clock isn't obvious. Generated combinational logic instead File: F:/eyrc22_SB_2999/Task2/SB#2999_Task2C/path_planner/path_planner.v Line: 228
Warning (10030): Net "cost_matrix" at path_planner.v(50) has no driver or initial value, using a default initial value '0' File: F:/eyrc22_SB_2999/Task2/SB#2999_Task2C/path_planner/path_planner.v Line: 50
Info (10008): Verilog HDL or VHDL information: EDA Netlist Writer cannot regroup multidimensional array "cost_matrix" into its bus
Warning (13024): Output pins are stuck at VCC or GND
    Warning (13410): Pin "direction[0]" is stuck at GND File: F:/eyrc22_SB_2999/Task2/SB#2999_Task2C/path_planner/path_planner.v Line: 41
    Warning (13410): Pin "direction[1]" is stuck at GND File: F:/eyrc22_SB_2999/Task2/SB#2999_Task2C/path_planner/path_planner.v Line: 41
    Warning (13410): Pin "direction[2]" is stuck at GND File: F:/eyrc22_SB_2999/Task2/SB#2999_Task2C/path_planner/path_planner.v Line: 41
    Warning (13410): Pin "direction[3]" is stuck at GND File: F:/eyrc22_SB_2999/Task2/SB#2999_Task2C/path_planner/path_planner.v Line: 41
    Warning (13410): Pin "direction[4]" is stuck at GND File: F:/eyrc22_SB_2999/Task2/SB#2999_Task2C/path_planner/path_planner.v Line: 41
    Warning (13410): Pin "direction[5]" is stuck at GND File: F:/eyrc22_SB_2999/Task2/SB#2999_Task2C/path_planner/path_planner.v Line: 41
    Warning (13410): Pin "direction[6]" is stuck at GND File: F:/eyrc22_SB_2999/Task2/SB#2999_Task2C/path_planner/path_planner.v Line: 41
    Warning (13410): Pin "direction[7]" is stuck at GND File: F:/eyrc22_SB_2999/Task2/SB#2999_Task2C/path_planner/path_planner.v Line: 41
    Warning (13410): Pin "direction[8]" is stuck at GND File: F:/eyrc22_SB_2999/Task2/SB#2999_Task2C/path_planner/path_planner.v Line: 41
    Warning (13410): Pin "direction[9]" is stuck at GND File: F:/eyrc22_SB_2999/Task2/SB#2999_Task2C/path_planner/path_planner.v Line: 41
    Warning (13410): Pin "direction[10]" is stuck at GND File: F:/eyrc22_SB_2999/Task2/SB#2999_Task2C/path_planner/path_planner.v Line: 41
    Warning (13410): Pin "direction[11]" is stuck at GND File: F:/eyrc22_SB_2999/Task2/SB#2999_Task2C/path_planner/path_planner.v Line: 41
    Warning (13410): Pin "direction[12]" is stuck at GND File: F:/eyrc22_SB_2999/Task2/SB#2999_Task2C/path_planner/path_planner.v Line: 41
    Warning (13410): Pin "direction[13]" is stuck at GND File: F:/eyrc22_SB_2999/Task2/SB#2999_Task2C/path_planner/path_planner.v Line: 41
    Warning (13410): Pin "direction[14]" is stuck at GND File: F:/eyrc22_SB_2999/Task2/SB#2999_Task2C/path_planner/path_planner.v Line: 41
    Warning (13410): Pin "direction[15]" is stuck at GND File: F:/eyrc22_SB_2999/Task2/SB#2999_Task2C/path_planner/path_planner.v Line: 41
    Warning (13410): Pin "direction[16]" is stuck at GND File: F:/eyrc22_SB_2999/Task2/SB#2999_Task2C/path_planner/path_planner.v Line: 41
    Warning (13410): Pin "direction[17]" is stuck at GND File: F:/eyrc22_SB_2999/Task2/SB#2999_Task2C/path_planner/path_planner.v Line: 41
    Warning (13410): Pin "direction[18]" is stuck at GND File: F:/eyrc22_SB_2999/Task2/SB#2999_Task2C/path_planner/path_planner.v Line: 41
    Warning (13410): Pin "direction[19]" is stuck at GND File: F:/eyrc22_SB_2999/Task2/SB#2999_Task2C/path_planner/path_planner.v Line: 41
    Warning (13410): Pin "direction_index[0]" is stuck at VCC File: F:/eyrc22_SB_2999/Task2/SB#2999_Task2C/path_planner/path_planner.v Line: 43
Info (286030): Timing-Driven Synthesis is running
Info (17049): 2 registers lost all their fanouts during netlist optimizations.
Info (144001): Generated suppressed messages file F:/eyrc22_SB_2999/Task2/SB#2999_Task2C/path_planner/output_files/path_planner.map.smsg
Info (16010): Generating hard_block partition "hard_block:auto_generated_inst"
    Info (16011): Adding 0 node(s), including 0 DDIO, 0 PLL, 0 transceiver and 0 LCELL
Info (21057): Implemented 1245 device resources after synthesis - the final resource count might be different
    Info (21058): Implemented 12 input pins
    Info (21059): Implemented 77 output pins
    Info (21061): Implemented 1156 logic cells
Info: Quartus Prime Analysis & Synthesis was successful. 0 errors, 95 warnings
    Info: Peak virtual memory: 4767 megabytes
    Info: Processing ended: Fri Jan 27 14:20:37 2023
    Info: Elapsed time: 00:00:19
    Info: Total CPU time (on all processors): 00:00:35


+------------------------------------------+
; Analysis & Synthesis Suppressed Messages ;
+------------------------------------------+
The suppressed messages can be found in F:/eyrc22_SB_2999/Task2/SB#2999_Task2C/path_planner/output_files/path_planner.map.smsg.


